{"$message_type":"diagnostic","message":"mismatched types","code":{"code":"E0308","explanation":"Expected type did not match the received type.\n\nErroneous code examples:\n\n```compile_fail,E0308\nfn plus_one(x: i32) -> i32 {\n    x + 1\n}\n\nplus_one(\"Not a number\");\n//       ^^^^^^^^^^^^^^ expected `i32`, found `&str`\n\nif \"Not a bool\" {\n// ^^^^^^^^^^^^ expected `bool`, found `&str`\n}\n\nlet x: f32 = \"Not a float\";\n//     ---   ^^^^^^^^^^^^^ expected `f32`, found `&str`\n//     |\n//     expected due to this\n```\n\nThis error occurs when an expression was used in a place where the compiler\nexpected an expression of a different type. It can occur in several cases, the\nmost common being when calling a function and passing an argument which has a\ndifferent type than the matching type in the function declaration.\n"},"level":"error","spans":[{"file_name":"src/main.rs","byte_start":3835,"byte_end":3866,"line_start":102,"line_end":102,"column_start":37,"column_end":68,"is_primary":true,"text":[{"text":"        router = router.nest(\"/v1\", control_plane::cedros::routes());","highlight_start":37,"highlight_end":68}],"label":"expected `Router`, found `Router<Arc<AppState>>`","suggested_replacement":null,"suggestion_applicability":null,"expansion":null},{"file_name":"src/main.rs","byte_start":3823,"byte_end":3827,"line_start":102,"line_end":102,"column_start":25,"column_end":29,"is_primary":false,"text":[{"text":"        router = router.nest(\"/v1\", control_plane::cedros::routes());","highlight_start":25,"highlight_end":29}],"label":"arguments to this method are incorrect","suggested_replacement":null,"suggestion_applicability":null,"expansion":null},{"file_name":"src/main.rs","byte_start":3658,"byte_end":3664,"line_start":98,"line_end":98,"column_start":9,"column_end":15,"is_primary":false,"text":[{"text":"        router = router.nest(\"/v1\", cedros_router);","highlight_start":9,"highlight_end":15}],"label":"here the type of `router` is inferred to be `Router`","suggested_replacement":null,"suggestion_applicability":null,"expansion":null}],"children":[{"message":"expected struct `Router<()>`\n   found struct `Router<Arc<control_plane::AppState>>`","code":null,"level":"note","spans":[],"children":[],"rendered":null},{"message":"method defined here","code":null,"level":"note","spans":[{"file_name":"/home/jane/.cargo/registry/src/index.crates.io-1949cf8c6b5b557f/axum-0.7.9/src/routing/mod.rs","byte_start":5515,"byte_end":5519,"line_start":195,"line_end":195,"column_start":12,"column_end":16,"is_primary":true,"text":[{"text":"    pub fn nest(self, path: &str, router: Router<S>) -> Self {","highlight_start":12,"highlight_end":16}],"label":null,"suggested_replacement":null,"suggestion_applicability":null,"expansion":null}],"children":[],"rendered":null}],"rendered":"\u001b[1m\u001b[91merror[E0308]\u001b[0m\u001b[1m: mismatched types\u001b[0m\n   \u001b[1m\u001b[94m--> \u001b[0msrc/main.rs:102:37\n    \u001b[1m\u001b[94m|\u001b[0m\n \u001b[1m\u001b[94m98\u001b[0m \u001b[1m\u001b[94m|\u001b[0m         router = router.nest(\"/v1\", cedros_router);\n    \u001b[1m\u001b[94m|\u001b[0m         \u001b[1m\u001b[94m------\u001b[0m \u001b[1m\u001b[94mhere the type of `router` is inferred to be `Router`\u001b[0m\n\u001b[1m\u001b[94m...\u001b[0m\n\u001b[1m\u001b[94m102\u001b[0m \u001b[1m\u001b[94m|\u001b[0m         router = router.nest(\"/v1\", control_plane::cedros::routes());\n    \u001b[1m\u001b[94m|\u001b[0m                         \u001b[1m\u001b[94m----\u001b[0m        \u001b[1m\u001b[91m^^^^^^^^^^^^^^^^^^^^^^^^^^^^^^^\u001b[0m \u001b[1m\u001b[91mexpected `Router`, found `Router<Arc<AppState>>`\u001b[0m\n    \u001b[1m\u001b[94m|\u001b[0m                         \u001b[1m\u001b[94m|\u001b[0m\n    \u001b[1m\u001b[94m|\u001b[0m                         \u001b[1m\u001b[94marguments to this method are incorrect\u001b[0m\n    \u001b[1m\u001b[94m|\u001b[0m\n    \u001b[1m\u001b[94m= \u001b[0m\u001b[1mnote\u001b[0m: expected struct `Router<\u001b[1m\u001b[35m()\u001b[0m>`\n               found struct `Router<\u001b[1m\u001b[35mArc<control_plane::AppState>\u001b[0m>`\n\u001b[1m\u001b[92mnote\u001b[0m: method defined here\n   \u001b[1m\u001b[94m--> \u001b[0m/home/jane/.cargo/registry/src/index.crates.io-1949cf8c6b5b557f/axum-0.7.9/src/routing/mod.rs:195:12\n    \u001b[1m\u001b[94m|\u001b[0m\n\u001b[1m\u001b[94m195\u001b[0m \u001b[1m\u001b[94m|\u001b[0m     pub fn nest(self, path: &str, router: Router<S>) -> Self {\n    \u001b[1m\u001b[94m|\u001b[0m            \u001b[1m\u001b[92m^^^^\u001b[0m\n\n"}
{"$message_type":"diagnostic","message":"this function takes 2 arguments but 1 argument was supplied","code":{"code":"E0061","explanation":"An invalid number of arguments was passed when calling a function.\n\nErroneous code example:\n\n```compile_fail,E0061\nfn f(u: i32) {}\n\nf(); // error!\n```\n\nThe number of arguments passed to a function must match the number of arguments\nspecified in the function signature.\n\nFor example, a function like:\n\n```\nfn f(a: u16, b: &str) {}\n```\n\nMust always be called with exactly two arguments, e.g., `f(2, \"test\")`.\n\nNote that Rust does not have a notion of optional function arguments or\nvariadic functions (except for its C-FFI).\n"},"level":"error","spans":[{"file_name":"src/main.rs","byte_start":4321,"byte_end":4325,"line_start":119,"line_end":119,"column_start":44,"column_end":48,"is_primary":false,"text":[{"text":"    let store = Arc::new(PostgresStore::new(db));","highlight_start":44,"highlight_end":48}],"label":"argument #2 of type `SchemaMapping` is missing","suggested_replacement":null,"suggestion_applicability":null,"expansion":null},{"file_name":"src/main.rs","byte_start":4303,"byte_end":4321,"line_start":119,"line_end":119,"column_start":26,"column_end":44,"is_primary":true,"text":[{"text":"    let store = Arc::new(PostgresStore::new(db));","highlight_start":26,"highlight_end":44}],"label":null,"suggested_replacement":null,"suggestion_applicability":null,"expansion":null}],"children":[{"message":"expected `PostgresPool`, found `Pool<Postgres>`","code":null,"level":"note","spans":[{"file_name":"src/main.rs","byte_start":4322,"byte_end":4324,"line_start":119,"line_end":119,"column_start":45,"column_end":47,"is_primary":true,"text":[{"text":"    let store = Arc::new(PostgresStore::new(db));","highlight_start":45,"highlight_end":47}],"label":null,"suggested_replacement":null,"suggestion_applicability":null,"expansion":null}],"children":[],"rendered":null},{"message":"expected struct `PostgresPool`\n   found struct `Pool<sqlx::Postgres>`","code":null,"level":"note","spans":[],"children":[],"rendered":null},{"message":"associated function defined here","code":null,"level":"note","spans":[{"file_name":"/home/jane/.cargo/registry/src/index.crates.io-1949cf8c6b5b557f/cedros-pay-0.1.0/src/storage/postgres/store.rs","byte_start":3038,"byte_end":3041,"line_start":90,"line_end":90,"column_start":12,"column_end":15,"is_primary":true,"text":[{"text":"    pub fn new(pool: PostgresPool, tables: SchemaMapping) -> Self {","highlight_start":12,"highlight_end":15}],"label":null,"suggested_replacement":null,"suggestion_applicability":null,"expansion":null}],"children":[],"rendered":null},{"message":"provide the argument","code":null,"level":"help","spans":[{"file_name":"src/main.rs","byte_start":4321,"byte_end":4325,"line_start":119,"line_end":119,"column_start":44,"column_end":48,"is_primary":true,"text":[{"text":"    let store = Arc::new(PostgresStore::new(db));","highlight_start":44,"highlight_end":48}],"label":null,"suggested_replacement":"(/* PostgresPool */, /* SchemaMapping */)","suggestion_applicability":"HasPlaceholders","expansion":null}],"children":[],"rendered":null}],"rendered":"\u001b[1m\u001b[91merror[E0061]\u001b[0m\u001b[1m: this function takes 2 arguments but 1 argument was supplied\u001b[0m\n   \u001b[1m\u001b[94m--> \u001b[0msrc/main.rs:119:26\n    \u001b[1m\u001b[94m|\u001b[0m\n\u001b[1m\u001b[94m119\u001b[0m \u001b[1m\u001b[94m|\u001b[0m     let store = Arc::new(PostgresStore::new(db));\n    \u001b[1m\u001b[94m|\u001b[0m                          \u001b[1m\u001b[91m^^^^^^^^^^^^^^^^^^\u001b[0m\u001b[1m\u001b[94m----\u001b[0m \u001b[1m\u001b[94margument #2 of type `SchemaMapping` is missing\u001b[0m\n    \u001b[1m\u001b[94m|\u001b[0m\n\u001b[1m\u001b[92mnote\u001b[0m: expected `PostgresPool`, found `Pool<Postgres>`\n   \u001b[1m\u001b[94m--> \u001b[0msrc/main.rs:119:45\n    \u001b[1m\u001b[94m|\u001b[0m\n\u001b[1m\u001b[94m119\u001b[0m \u001b[1m\u001b[94m|\u001b[0m     let store = Arc::new(PostgresStore::new(db));\n    \u001b[1m\u001b[94m|\u001b[0m                                             \u001b[1m\u001b[92m^^\u001b[0m\n    \u001b[1m\u001b[94m= \u001b[0m\u001b[1mnote\u001b[0m: expected struct `\u001b[1m\u001b[35mPostgresPool\u001b[0m`\n               found struct `\u001b[1m\u001b[35mPool<sqlx::Postgres>\u001b[0m`\n\u001b[1m\u001b[92mnote\u001b[0m: associated function defined here\n   \u001b[1m\u001b[94m--> \u001b[0m/home/jane/.cargo/registry/src/index.crates.io-1949cf8c6b5b557f/cedros-pay-0.1.0/src/storage/postgres/store.rs:90:12\n    \u001b[1m\u001b[94m|\u001b[0m\n \u001b[1m\u001b[94m90\u001b[0m \u001b[1m\u001b[94m|\u001b[0m     pub fn new(pool: PostgresPool, tables: SchemaMapping) -> Self {\n    \u001b[1m\u001b[94m|\u001b[0m            \u001b[1m\u001b[92m^^^\u001b[0m\n\u001b[1m\u001b[96mhelp\u001b[0m: provide the argument\n    \u001b[1m\u001b[94m|\u001b[0m\n\u001b[1m\u001b[94m119\u001b[0m \u001b[91m- \u001b[0m    let store = Arc::new(PostgresStore::new\u001b[91m(db)\u001b[0m);\n\u001b[1m\u001b[94m119\u001b[0m \u001b[92m+ \u001b[0m    let store = Arc::new(PostgresStore::new\u001b[92m(/* PostgresPool */, /* SchemaMapping */)\u001b[0m);\n    \u001b[1m\u001b[94m|\u001b[0m\n\n"}
{"$message_type":"diagnostic","message":"the size for values of type `dyn Store` cannot be known at compilation time","code":{"code":"E0277","explanation":"You tried to use a type which doesn't implement some trait in a place which\nexpected that trait.\n\nErroneous code example:\n\n```compile_fail,E0277\n// here we declare the Foo trait with a bar method\ntrait Foo {\n    fn bar(&self);\n}\n\n// we now declare a function which takes an object implementing the Foo trait\nfn some_func<T: Foo>(foo: T) {\n    foo.bar();\n}\n\nfn main() {\n    // we now call the method with the i32 type, which doesn't implement\n    // the Foo trait\n    some_func(5i32); // error: the trait bound `i32 : Foo` is not satisfied\n}\n```\n\nIn order to fix this error, verify that the type you're using does implement\nthe trait. Example:\n\n```\ntrait Foo {\n    fn bar(&self);\n}\n\n// we implement the trait on the i32 type\nimpl Foo for i32 {\n    fn bar(&self) {}\n}\n\nfn some_func<T: Foo>(foo: T) {\n    foo.bar(); // we can now use this method since i32 implements the\n               // Foo trait\n}\n\nfn main() {\n    some_func(5i32); // ok!\n}\n```\n\nOr in a generic context, an erroneous code example would look like:\n\n```compile_fail,E0277\nfn some_func<T>(foo: T) {\n    println!(\"{:?}\", foo); // error: the trait `core::fmt::Debug` is not\n                           //        implemented for the type `T`\n}\n\nfn main() {\n    // We now call the method with the i32 type,\n    // which *does* implement the Debug trait.\n    some_func(5i32);\n}\n```\n\nNote that the error here is in the definition of the generic function. Although\nwe only call it with a parameter that does implement `Debug`, the compiler\nstill rejects the function. It must work with all possible input types. In\norder to make this example compile, we need to restrict the generic type we're\naccepting:\n\n```\nuse std::fmt;\n\n// Restrict the input type to types that implement Debug.\nfn some_func<T: fmt::Debug>(foo: T) {\n    println!(\"{:?}\", foo);\n}\n\nfn main() {\n    // Calling the method is still fine, as i32 implements Debug.\n    some_func(5i32);\n\n    // This would fail to compile now:\n    // struct WithoutDebug;\n    // some_func(WithoutDebug);\n}\n```\n\nRust only looks at the signature of the called function, as such it must\nalready specify all requirements that will be used for every type parameter.\n"},"level":"error","spans":[{"file_name":"src/main.rs","byte_start":4424,"byte_end":4468,"line_start":123,"line_end":123,"column_start":9,"column_end":53,"is_primary":true,"text":[{"text":"        store as Arc<dyn cedros_pay::storage::Store>","highlight_start":9,"highlight_end":53}],"label":"doesn't have a size known at compile-time","suggested_replacement":null,"suggestion_applicability":null,"expansion":null},{"file_name":"src/main.rs","byte_start":4388,"byte_end":4406,"line_start":122,"line_end":122,"column_start":25,"column_end":43,"is_primary":false,"text":[{"text":"    let cedros_router = cedros_pay::router(&config,","highlight_start":25,"highlight_end":43}],"label":"required by a bound introduced by this call","suggested_replacement":null,"suggestion_applicability":null,"expansion":null}],"children":[{"message":"the trait `Sized` is not implemented for `dyn Store`","code":null,"level":"help","spans":[],"children":[],"rendered":null},{"message":"required by an implicit `Sized` bound in `router`","code":null,"level":"note","spans":[{"file_name":"/home/jane/.cargo/registry/src/index.crates.io-1949cf8c6b5b557f/cedros-pay-0.1.0/src/lib.rs","byte_start":8858,"byte_end":8859,"line_start":260,"line_end":260,"column_start":21,"column_end":22,"is_primary":true,"text":[{"text":"pub async fn router<S: Store + 'static>(cfg: &Config, store: Arc<S>) -> anyhow::Result<Router> {","highlight_start":21,"highlight_end":22}],"label":"required by the implicit `Sized` requirement on this type parameter in `router`","suggested_replacement":null,"suggestion_applicability":null,"expansion":null}],"children":[],"rendered":null}],"rendered":"\u001b[1m\u001b[91merror[E0277]\u001b[0m\u001b[1m: the size for values of type `dyn Store` cannot be known at compilation time\u001b[0m\n   \u001b[1m\u001b[94m--> \u001b[0msrc/main.rs:123:9\n    \u001b[1m\u001b[94m|\u001b[0m\n\u001b[1m\u001b[94m122\u001b[0m \u001b[1m\u001b[94m|\u001b[0m     let cedros_router = cedros_pay::router(&config,\n    \u001b[1m\u001b[94m|\u001b[0m                         \u001b[1m\u001b[94m------------------\u001b[0m \u001b[1m\u001b[94mrequired by a bound introduced by this call\u001b[0m\n\u001b[1m\u001b[94m123\u001b[0m \u001b[1m\u001b[94m|\u001b[0m         store as Arc<dyn cedros_pay::storage::Store>\n    \u001b[1m\u001b[94m|\u001b[0m         \u001b[1m\u001b[91m^^^^^^^^^^^^^^^^^^^^^^^^^^^^^^^^^^^^^^^^^^^^\u001b[0m \u001b[1m\u001b[91mdoesn't have a size known at compile-time\u001b[0m\n    \u001b[1m\u001b[94m|\u001b[0m\n    \u001b[1m\u001b[94m= \u001b[0m\u001b[1mhelp\u001b[0m: the trait `Sized` is not implemented for `dyn Store`\n\u001b[1m\u001b[92mnote\u001b[0m: required by an implicit `Sized` bound in `router`\n   \u001b[1m\u001b[94m--> \u001b[0m/home/jane/.cargo/registry/src/index.crates.io-1949cf8c6b5b557f/cedros-pay-0.1.0/src/lib.rs:260:21\n    \u001b[1m\u001b[94m|\u001b[0m\n\u001b[1m\u001b[94m260\u001b[0m \u001b[1m\u001b[94m|\u001b[0m pub async fn router<S: Store + 'static>(cfg: &Config, store: Arc<S>) -> anyhow::Result<Router> {\n    \u001b[1m\u001b[94m|\u001b[0m                     \u001b[1m\u001b[92m^\u001b[0m \u001b[1m\u001b[92mrequired by the implicit `Sized` requirement on this type parameter in `router`\u001b[0m\n\n"}
{"$message_type":"diagnostic","message":"the size for values of type `dyn Store` cannot be known at compilation time","code":{"code":"E0277","explanation":"You tried to use a type which doesn't implement some trait in a place which\nexpected that trait.\n\nErroneous code example:\n\n```compile_fail,E0277\n// here we declare the Foo trait with a bar method\ntrait Foo {\n    fn bar(&self);\n}\n\n// we now declare a function which takes an object implementing the Foo trait\nfn some_func<T: Foo>(foo: T) {\n    foo.bar();\n}\n\nfn main() {\n    // we now call the method with the i32 type, which doesn't implement\n    // the Foo trait\n    some_func(5i32); // error: the trait bound `i32 : Foo` is not satisfied\n}\n```\n\nIn order to fix this error, verify that the type you're using does implement\nthe trait. Example:\n\n```\ntrait Foo {\n    fn bar(&self);\n}\n\n// we implement the trait on the i32 type\nimpl Foo for i32 {\n    fn bar(&self) {}\n}\n\nfn some_func<T: Foo>(foo: T) {\n    foo.bar(); // we can now use this method since i32 implements the\n               // Foo trait\n}\n\nfn main() {\n    some_func(5i32); // ok!\n}\n```\n\nOr in a generic context, an erroneous code example would look like:\n\n```compile_fail,E0277\nfn some_func<T>(foo: T) {\n    println!(\"{:?}\", foo); // error: the trait `core::fmt::Debug` is not\n                           //        implemented for the type `T`\n}\n\nfn main() {\n    // We now call the method with the i32 type,\n    // which *does* implement the Debug trait.\n    some_func(5i32);\n}\n```\n\nNote that the error here is in the definition of the generic function. Although\nwe only call it with a parameter that does implement `Debug`, the compiler\nstill rejects the function. It must work with all possible input types. In\norder to make this example compile, we need to restrict the generic type we're\naccepting:\n\n```\nuse std::fmt;\n\n// Restrict the input type to types that implement Debug.\nfn some_func<T: fmt::Debug>(foo: T) {\n    println!(\"{:?}\", foo);\n}\n\nfn main() {\n    // Calling the method is still fine, as i32 implements Debug.\n    some_func(5i32);\n\n    // This would fail to compile now:\n    // struct WithoutDebug;\n    // some_func(WithoutDebug);\n}\n```\n\nRust only looks at the signature of the called function, as such it must\nalready specify all requirements that will be used for every type parameter.\n"},"level":"error","spans":[{"file_name":"src/main.rs","byte_start":4388,"byte_end":4474,"line_start":122,"line_end":124,"column_start":25,"column_end":6,"is_primary":true,"text":[{"text":"    let cedros_router = cedros_pay::router(&config,","highlight_start":25,"highlight_end":52},{"text":"        store as Arc<dyn cedros_pay::storage::Store>","highlight_start":1,"highlight_end":53},{"text":"    ).await?;","highlight_start":1,"highlight_end":6}],"label":"doesn't have a size known at compile-time","suggested_replacement":null,"suggestion_applicability":null,"expansion":null}],"children":[{"message":"the trait `Sized` is not implemented for `dyn Store`","code":null,"level":"help","spans":[],"children":[],"rendered":null},{"message":"required by an implicit `Sized` bound in `router`","code":null,"level":"note","spans":[{"file_name":"/home/jane/.cargo/registry/src/index.crates.io-1949cf8c6b5b557f/cedros-pay-0.1.0/src/lib.rs","byte_start":8858,"byte_end":8859,"line_start":260,"line_end":260,"column_start":21,"column_end":22,"is_primary":true,"text":[{"text":"pub async fn router<S: Store + 'static>(cfg: &Config, store: Arc<S>) -> anyhow::Result<Router> {","highlight_start":21,"highlight_end":22}],"label":"required by the implicit `Sized` requirement on this type parameter in `router`","suggested_replacement":null,"suggestion_applicability":null,"expansion":null}],"children":[],"rendered":null}],"rendered":"\u001b[1m\u001b[91merror[E0277]\u001b[0m\u001b[1m: the size for values of type `dyn Store` cannot be known at compilation time\u001b[0m\n   \u001b[1m\u001b[94m--> \u001b[0msrc/main.rs:122:25\n    \u001b[1m\u001b[94m|\u001b[0m\n\u001b[1m\u001b[94m122\u001b[0m \u001b[1m\u001b[94m|\u001b[0m       let cedros_router = cedros_pay::router(&config,\n    \u001b[1m\u001b[94m|\u001b[0m \u001b[1m\u001b[91m _________________________^\u001b[0m\n\u001b[1m\u001b[94m123\u001b[0m \u001b[1m\u001b[94m|\u001b[0m \u001b[1m\u001b[91m|\u001b[0m         store as Arc<dyn cedros_pay::storage::Store>\n\u001b[1m\u001b[94m124\u001b[0m \u001b[1m\u001b[94m|\u001b[0m \u001b[1m\u001b[91m|\u001b[0m     ).await?;\n    \u001b[1m\u001b[94m|\u001b[0m \u001b[1m\u001b[91m|_____^\u001b[0m \u001b[1m\u001b[91mdoesn't have a size known at compile-time\u001b[0m\n    \u001b[1m\u001b[94m|\u001b[0m\n    \u001b[1m\u001b[94m= \u001b[0m\u001b[1mhelp\u001b[0m: the trait `Sized` is not implemented for `dyn Store`\n\u001b[1m\u001b[92mnote\u001b[0m: required by an implicit `Sized` bound in `router`\n   \u001b[1m\u001b[94m--> \u001b[0m/home/jane/.cargo/registry/src/index.crates.io-1949cf8c6b5b557f/cedros-pay-0.1.0/src/lib.rs:260:21\n    \u001b[1m\u001b[94m|\u001b[0m\n\u001b[1m\u001b[94m260\u001b[0m \u001b[1m\u001b[94m|\u001b[0m pub async fn router<S: Store + 'static>(cfg: &Config, store: Arc<S>) -> anyhow::Result<Router> {\n    \u001b[1m\u001b[94m|\u001b[0m                     \u001b[1m\u001b[92m^\u001b[0m \u001b[1m\u001b[92mrequired by the implicit `Sized` requirement on this type parameter in `router`\u001b[0m\n\n"}
{"$message_type":"diagnostic","message":"the size for values of type `dyn Store` cannot be known at compilation time","code":{"code":"E0277","explanation":"You tried to use a type which doesn't implement some trait in a place which\nexpected that trait.\n\nErroneous code example:\n\n```compile_fail,E0277\n// here we declare the Foo trait with a bar method\ntrait Foo {\n    fn bar(&self);\n}\n\n// we now declare a function which takes an object implementing the Foo trait\nfn some_func<T: Foo>(foo: T) {\n    foo.bar();\n}\n\nfn main() {\n    // we now call the method with the i32 type, which doesn't implement\n    // the Foo trait\n    some_func(5i32); // error: the trait bound `i32 : Foo` is not satisfied\n}\n```\n\nIn order to fix this error, verify that the type you're using does implement\nthe trait. Example:\n\n```\ntrait Foo {\n    fn bar(&self);\n}\n\n// we implement the trait on the i32 type\nimpl Foo for i32 {\n    fn bar(&self) {}\n}\n\nfn some_func<T: Foo>(foo: T) {\n    foo.bar(); // we can now use this method since i32 implements the\n               // Foo trait\n}\n\nfn main() {\n    some_func(5i32); // ok!\n}\n```\n\nOr in a generic context, an erroneous code example would look like:\n\n```compile_fail,E0277\nfn some_func<T>(foo: T) {\n    println!(\"{:?}\", foo); // error: the trait `core::fmt::Debug` is not\n                           //        implemented for the type `T`\n}\n\nfn main() {\n    // We now call the method with the i32 type,\n    // which *does* implement the Debug trait.\n    some_func(5i32);\n}\n```\n\nNote that the error here is in the definition of the generic function. Although\nwe only call it with a parameter that does implement `Debug`, the compiler\nstill rejects the function. It must work with all possible input types. In\norder to make this example compile, we need to restrict the generic type we're\naccepting:\n\n```\nuse std::fmt;\n\n// Restrict the input type to types that implement Debug.\nfn some_func<T: fmt::Debug>(foo: T) {\n    println!(\"{:?}\", foo);\n}\n\nfn main() {\n    // Calling the method is still fine, as i32 implements Debug.\n    some_func(5i32);\n\n    // This would fail to compile now:\n    // struct WithoutDebug;\n    // some_func(WithoutDebug);\n}\n```\n\nRust only looks at the signature of the called function, as such it must\nalready specify all requirements that will be used for every type parameter.\n"},"level":"error","spans":[{"file_name":"src/main.rs","byte_start":4475,"byte_end":4480,"line_start":124,"line_end":124,"column_start":7,"column_end":12,"is_primary":true,"text":[{"text":"    ).await?;","highlight_start":7,"highlight_end":12}],"label":"doesn't have a size known at compile-time","suggested_replacement":null,"suggestion_applicability":null,"expansion":{"span":{"file_name":"src/main.rs","byte_start":4475,"byte_end":4480,"line_start":124,"line_end":124,"column_start":7,"column_end":12,"is_primary":false,"text":[{"text":"    ).await?;","highlight_start":7,"highlight_end":12}],"label":null,"suggested_replacement":null,"suggestion_applicability":null,"expansion":null},"macro_decl_name":"desugaring of `await` expression","def_site_span":{"file_name":"src/main.rs","byte_start":0,"byte_end":0,"line_start":1,"line_end":1,"column_start":1,"column_end":1,"is_primary":false,"text":[],"label":null,"suggested_replacement":null,"suggestion_applicability":null,"expansion":null}}}],"children":[{"message":"the trait `Sized` is not implemented for `dyn Store`","code":null,"level":"help","spans":[],"children":[],"rendered":null},{"message":"required by an implicit `Sized` bound in `router`","code":null,"level":"note","spans":[{"file_name":"/home/jane/.cargo/registry/src/index.crates.io-1949cf8c6b5b557f/cedros-pay-0.1.0/src/lib.rs","byte_start":8858,"byte_end":8859,"line_start":260,"line_end":260,"column_start":21,"column_end":22,"is_primary":true,"text":[{"text":"pub async fn router<S: Store + 'static>(cfg: &Config, store: Arc<S>) -> anyhow::Result<Router> {","highlight_start":21,"highlight_end":22}],"label":"required by the implicit `Sized` requirement on this type parameter in `router`","suggested_replacement":null,"suggestion_applicability":null,"expansion":null}],"children":[],"rendered":null}],"rendered":"\u001b[1m\u001b[91merror[E0277]\u001b[0m\u001b[1m: the size for values of type `dyn Store` cannot be known at compilation time\u001b[0m\n   \u001b[1m\u001b[94m--> \u001b[0msrc/main.rs:124:7\n    \u001b[1m\u001b[94m|\u001b[0m\n\u001b[1m\u001b[94m124\u001b[0m \u001b[1m\u001b[94m|\u001b[0m     ).await?;\n    \u001b[1m\u001b[94m|\u001b[0m       \u001b[1m\u001b[91m^^^^^\u001b[0m \u001b[1m\u001b[91mdoesn't have a size known at compile-time\u001b[0m\n    \u001b[1m\u001b[94m|\u001b[0m\n    \u001b[1m\u001b[94m= \u001b[0m\u001b[1mhelp\u001b[0m: the trait `Sized` is not implemented for `dyn Store`\n\u001b[1m\u001b[92mnote\u001b[0m: required by an implicit `Sized` bound in `router`\n   \u001b[1m\u001b[94m--> \u001b[0m/home/jane/.cargo/registry/src/index.crates.io-1949cf8c6b5b557f/cedros-pay-0.1.0/src/lib.rs:260:21\n    \u001b[1m\u001b[94m|\u001b[0m\n\u001b[1m\u001b[94m260\u001b[0m \u001b[1m\u001b[94m|\u001b[0m pub async fn router<S: Store + 'static>(cfg: &Config, store: Arc<S>) -> anyhow::Result<Router> {\n    \u001b[1m\u001b[94m|\u001b[0m                     \u001b[1m\u001b[92m^\u001b[0m \u001b[1m\u001b[92mrequired by the implicit `Sized` requirement on this type parameter in `router`\u001b[0m\n\n"}
{"$message_type":"diagnostic","message":"mismatched types","code":{"code":"E0308","explanation":"Expected type did not match the received type.\n\nErroneous code examples:\n\n```compile_fail,E0308\nfn plus_one(x: i32) -> i32 {\n    x + 1\n}\n\nplus_one(\"Not a number\");\n//       ^^^^^^^^^^^^^^ expected `i32`, found `&str`\n\nif \"Not a bool\" {\n// ^^^^^^^^^^^^ expected `bool`, found `&str`\n}\n\nlet x: f32 = \"Not a float\";\n//     ---   ^^^^^^^^^^^^^ expected `f32`, found `&str`\n//     |\n//     expected due to this\n```\n\nThis error occurs when an expression was used in a place where the compiler\nexpected an expression of a different type. It can occur in several cases, the\nmost common being when calling a function and passing an argument which has a\ndifferent type than the matching type in the function declaration.\n"},"level":"error","spans":[{"file_name":"src/main.rs","byte_start":4495,"byte_end":4508,"line_start":126,"line_end":126,"column_start":8,"column_end":21,"is_primary":true,"text":[{"text":"    Ok(cedros_router)","highlight_start":8,"highlight_end":21}],"label":"expected `Router`, found `axum::routing::Router`","suggested_replacement":null,"suggestion_applicability":null,"expansion":null},{"file_name":"src/main.rs","byte_start":4492,"byte_end":4494,"line_start":126,"line_end":126,"column_start":5,"column_end":7,"is_primary":false,"text":[{"text":"    Ok(cedros_router)","highlight_start":5,"highlight_end":7}],"label":"arguments to this enum variant are incorrect","suggested_replacement":null,"suggestion_applicability":null,"expansion":null}],"children":[{"message":"two different versions of crate `axum` are being used; two types coming from two different versions of the same crate are different types even if they look the same","code":null,"level":"note","spans":[{"file_name":"/home/jane/.cargo/registry/src/index.crates.io-1949cf8c6b5b557f/axum-0.7.9/src/routing/mod.rs","byte_start":1509,"byte_end":1534,"line_start":62,"line_end":62,"column_start":1,"column_end":26,"is_primary":true,"text":[{"text":"pub struct Router<S = ()> {","highlight_start":1,"highlight_end":26}],"label":"this is the expected type `Router`","suggested_replacement":null,"suggestion_applicability":null,"expansion":null},{"file_name":"/home/jane/.cargo/registry/src/index.crates.io-1949cf8c6b5b557f/axum-0.8.8/src/routing/mod.rs","byte_start":1781,"byte_end":1806,"line_start":68,"line_end":68,"column_start":1,"column_end":26,"is_primary":true,"text":[{"text":"pub struct Router<S = ()> {","highlight_start":1,"highlight_end":26}],"label":"this is the found type `axum::routing::Router`","suggested_replacement":null,"suggestion_applicability":null,"expansion":null},{"file_name":"src/main.rs","byte_start":1602,"byte_end":1606,"line_start":56,"line_end":56,"column_start":9,"column_end":13,"is_primary":false,"text":[{"text":"    use axum::{Router, routing::{get, post, patch}};","highlight_start":9,"highlight_end":13}],"label":"one version of crate `axum` used here, as a direct dependency of the current crate","suggested_replacement":null,"suggestion_applicability":null,"expansion":null},{"file_name":"src/main.rs","byte_start":4105,"byte_end":4115,"line_start":113,"line_end":113,"column_start":9,"column_end":19,"is_primary":false,"text":[{"text":"    use cedros_pay::storage::PostgresStore;","highlight_start":9,"highlight_end":19}],"label":"one version of crate `axum` used here, as a dependency of crate `cedros_pay`","suggested_replacement":null,"suggestion_applicability":null,"expansion":null}],"children":[],"rendered":null},{"message":"you can use `cargo tree` to explore your dependency tree","code":null,"level":"help","spans":[],"children":[],"rendered":null},{"message":"the type constructed contains `axum::routing::Router` due to the type of the argument passed","code":null,"level":"help","spans":[{"file_name":"src/main.rs","byte_start":4495,"byte_end":4508,"line_start":126,"line_end":126,"column_start":8,"column_end":21,"is_primary":false,"text":[{"text":"    Ok(cedros_router)","highlight_start":8,"highlight_end":21}],"label":"this argument influences the type of `Ok`","suggested_replacement":null,"suggestion_applicability":null,"expansion":null},{"file_name":"src/main.rs","byte_start":4492,"byte_end":4509,"line_start":126,"line_end":126,"column_start":5,"column_end":22,"is_primary":true,"text":[{"text":"    Ok(cedros_router)","highlight_start":5,"highlight_end":22}],"label":null,"suggested_replacement":null,"suggestion_applicability":null,"expansion":null}],"children":[],"rendered":null},{"message":"tuple variant defined here","code":null,"level":"note","spans":[{"file_name":"/usr/src/debug/rust/rustc-1.92.0-src/library/core/src/result.rs","byte_start":21353,"byte_end":21355,"line_start":561,"line_end":561,"column_start":5,"column_end":7,"is_primary":true,"text":[],"label":null,"suggested_replacement":null,"suggestion_applicability":null,"expansion":null}],"children":[],"rendered":null}],"rendered":"\u001b[1m\u001b[91merror[E0308]\u001b[0m\u001b[1m: mismatched types\u001b[0m\n   \u001b[1m\u001b[94m--> \u001b[0msrc/main.rs:126:8\n    \u001b[1m\u001b[94m|\u001b[0m\n\u001b[1m\u001b[94m126\u001b[0m \u001b[1m\u001b[94m|\u001b[0m     Ok(cedros_router)\n    \u001b[1m\u001b[94m|\u001b[0m     \u001b[1m\u001b[94m--\u001b[0m \u001b[1m\u001b[91m^^^^^^^^^^^^^\u001b[0m \u001b[1m\u001b[91mexpected `Router`, found `axum::routing::Router`\u001b[0m\n    \u001b[1m\u001b[94m|\u001b[0m     \u001b[1m\u001b[94m|\u001b[0m\n    \u001b[1m\u001b[94m|\u001b[0m     \u001b[1m\u001b[94marguments to this enum variant are incorrect\u001b[0m\n    \u001b[1m\u001b[94m|\u001b[0m\n\u001b[1m\u001b[92mnote\u001b[0m: two different versions of crate `axum` are being used; two types coming from two different versions of the same crate are different types even if they look the same\n   \u001b[1m\u001b[94m--> \u001b[0m/home/jane/.cargo/registry/src/index.crates.io-1949cf8c6b5b557f/axum-0.7.9/src/routing/mod.rs:62:1\n    \u001b[1m\u001b[94m|\u001b[0m\n \u001b[1m\u001b[94m62\u001b[0m \u001b[1m\u001b[94m|\u001b[0m pub struct Router<S = ()> {\n    \u001b[1m\u001b[94m|\u001b[0m \u001b[1m\u001b[92m^^^^^^^^^^^^^^^^^^^^^^^^^\u001b[0m \u001b[1m\u001b[92mthis is the expected type `Router`\u001b[0m\n    \u001b[1m\u001b[94m|\u001b[0m\n   \u001b[1m\u001b[94m::: \u001b[0m/home/jane/.cargo/registry/src/index.crates.io-1949cf8c6b5b557f/axum-0.8.8/src/routing/mod.rs:68:1\n    \u001b[1m\u001b[94m|\u001b[0m\n \u001b[1m\u001b[94m68\u001b[0m \u001b[1m\u001b[94m|\u001b[0m pub struct Router<S = ()> {\n    \u001b[1m\u001b[94m|\u001b[0m \u001b[1m\u001b[92m^^^^^^^^^^^^^^^^^^^^^^^^^\u001b[0m \u001b[1m\u001b[92mthis is the found type `axum::routing::Router`\u001b[0m\n    \u001b[1m\u001b[94m|\u001b[0m\n   \u001b[1m\u001b[94m::: \u001b[0msrc/main.rs:56:9\n    \u001b[1m\u001b[94m|\u001b[0m\n \u001b[1m\u001b[94m56\u001b[0m \u001b[1m\u001b[94m|\u001b[0m     use axum::{Router, routing::{get, post, patch}};\n    \u001b[1m\u001b[94m|\u001b[0m         \u001b[1m\u001b[94m----\u001b[0m \u001b[1m\u001b[94mone version of crate `axum` used here, as a direct dependency of the current crate\u001b[0m\n\u001b[1m\u001b[94m...\u001b[0m\n\u001b[1m\u001b[94m113\u001b[0m \u001b[1m\u001b[94m|\u001b[0m     use cedros_pay::storage::PostgresStore;\n    \u001b[1m\u001b[94m|\u001b[0m         \u001b[1m\u001b[94m----------\u001b[0m \u001b[1m\u001b[94mone version of crate `axum` used here, as a dependency of crate `cedros_pay`\u001b[0m\n    \u001b[1m\u001b[94m= \u001b[0m\u001b[1mhelp\u001b[0m: you can use `cargo tree` to explore your dependency tree\n\u001b[1m\u001b[96mhelp\u001b[0m: the type constructed contains `axum::routing::Router` due to the type of the argument passed\n   \u001b[1m\u001b[94m--> \u001b[0msrc/main.rs:126:5\n    \u001b[1m\u001b[94m|\u001b[0m\n\u001b[1m\u001b[94m126\u001b[0m \u001b[1m\u001b[94m|\u001b[0m     Ok(cedros_router)\n    \u001b[1m\u001b[94m|\u001b[0m     \u001b[1m\u001b[96m^^^\u001b[0m\u001b[1m\u001b[94m-------------\u001b[0m\u001b[1m\u001b[96m^\u001b[0m\n    \u001b[1m\u001b[94m|\u001b[0m        \u001b[1m\u001b[94m|\u001b[0m\n    \u001b[1m\u001b[94m|\u001b[0m        \u001b[1m\u001b[94mthis argument influences the type of `Ok`\u001b[0m\n\u001b[1m\u001b[92mnote\u001b[0m: tuple variant defined here\n   \u001b[1m\u001b[94m--> \u001b[0m/usr/src/debug/rust/rustc-1.92.0-src/library/core/src/result.rs:561:5\n\n"}
{"$message_type":"diagnostic","message":"aborting due to 6 previous errors","code":null,"level":"error","spans":[],"children":[],"rendered":"\u001b[1m\u001b[91merror\u001b[0m\u001b[1m: aborting due to 6 previous errors\u001b[0m\n\n"}
{"$message_type":"diagnostic","message":"Some errors have detailed explanations: E0061, E0277, E0308.","code":null,"level":"failure-note","spans":[],"children":[],"rendered":"\u001b[1mSome errors have detailed explanations: E0061, E0277, E0308.\u001b[0m\n"}
{"$message_type":"diagnostic","message":"For more information about an error, try `rustc --explain E0061`.","code":null,"level":"failure-note","spans":[],"children":[],"rendered":"\u001b[1mFor more information about an error, try `rustc --explain E0061`.\u001b[0m\n"}
